# JRE version: OpenJDK Runtime Environment (8.0_131-b11) (build 1.8.0_131-8u131-b11-2ubuntu1.17.04.3-b11)
# Java VM: OpenJDK 64-Bit Server VM (25.131-b11 mixed mode linux-amd64 compressed oops)
Heap:
 PSYoungGen      total 105984K, used 6285K [0x00000000f0380000, 0x00000000f7280000, 0x0000000100000000)
  eden space 98304K, 0% used [0x00000000f0380000,0x00000000f0380000,0x00000000f6380000)
  from space 7680K, 81% used [0x00000000f6380000,0x00000000f69a36e0,0x00000000f6b00000)
  to   space 7168K, 0% used [0x00000000f6b80000,0x00000000f6b80000,0x00000000f7280000)
 ParOldGen       total 32768K, used 12698K [0x00000000d0a00000, 0x00000000d2a00000, 0x00000000f0380000)
  object space 32768K, 38% used [0x00000000d0a00000,0x00000000d1666840,0x00000000d2a00000)
 Metaspace       used 20581K, capacity 21212K, committed 21296K, reserved 1069056K
  class space    used 2449K, capacity 2569K, committed 2608K, reserved 1048576K
GC Heap History (10 events):
Event: 1,640 GC heap after
Heap after GC invocations=2 (full 0):
 PSYoungGen      total 26624K, used 2043K [0x00000000f0380000, 0x00000000f1f80000, 0x0000000100000000)
  eden space 24576K, 0% used [0x00000000f0380000,0x00000000f0380000,0x00000000f1b80000)
  from space 2048K, 99% used [0x00000000f1d80000,0x00000000f1f7eee0,0x00000000f1f80000)
  to   space 2048K, 0% used [0x00000000f1b80000,0x00000000f1b80000,0x00000000f1d80000)
 ParOldGen       total 32768K, used 1292K [0x00000000d0a00000, 0x00000000d2a00000, 0x00000000f0380000)
  object space 32768K, 3% used [0x00000000d0a00000,0x00000000d0b43008,0x00000000d2a00000)
 Metaspace       used 7589K, capacity 7676K, committed 7936K, reserved 1056768K
  class space    used 918K, capacity 984K, committed 1024K, reserved 1048576K
}
Event: 2,143 GC heap before
{Heap before GC invocations=3 (full 0):
 PSYoungGen      total 26624K, used 26619K [0x00000000f0380000, 0x00000000f1f80000, 0x0000000100000000)
  eden space 24576K, 100% used [0x00000000f0380000,0x00000000f1b80000,0x00000000f1b80000)
  from space 2048K, 99% used [0x00000000f1d80000,0x00000000f1f7eee0,0x00000000f1f80000)
  to   space 2048K, 0% used [0x00000000f1b80000,0x00000000f1b80000,0x00000000f1d80000)
 ParOldGen       total 32768K, used 1292K [0x00000000d0a00000, 0x00000000d2a00000, 0x00000000f0380000)
  object space 32768K, 3% used [0x00000000d0a00000,0x00000000d0b43008,0x00000000d2a00000)
 Metaspace       used 9736K, capacity 9940K, committed 9984K, reserved 1058816K
  class space    used 1173K, capacity 1245K, committed 1280K, reserved 1048576K
Event: 2,155 GC heap after
Heap after GC invocations=3 (full 0):
 PSYoungGen      total 26624K, used 2048K [0x00000000f0380000, 0x00000000f3780000, 0x0000000100000000)
  eden space 24576K, 0% used [0x00000000f0380000,0x00000000f0380000,0x00000000f1b80000)
  from space 2048K, 100% used [0x00000000f1b80000,0x00000000f1d80000,0x00000000f1d80000)
  to   space 2048K, 0% used [0x00000000f3580000,0x00000000f3580000,0x00000000f3780000)
 ParOldGen       total 32768K, used 3748K [0x00000000d0a00000, 0x00000000d2a00000, 0x00000000f0380000)
  object space 32768K, 11% used [0x00000000d0a00000,0x00000000d0da93e8,0x00000000d2a00000)
 Metaspace       used 9736K, capacity 9940K, committed 9984K, reserved 1058816K
  class space    used 1173K, capacity 1245K, committed 1280K, reserved 1048576K
}
Event: 2,739 GC heap before
{Heap before GC invocations=4 (full 0):
 PSYoungGen      total 26624K, used 26624K [0x00000000f0380000, 0x00000000f3780000, 0x0000000100000000)
  eden space 24576K, 100% used [0x00000000f0380000,0x00000000f1b80000,0x00000000f1b80000)
  from space 2048K, 100% used [0x00000000f1b80000,0x00000000f1d80000,0x00000000f1d80000)
  to   space 2048K, 0% used [0x00000000f3580000,0x00000000f3580000,0x00000000f3780000)
 ParOldGen       total 32768K, used 3748K [0x00000000d0a00000, 0x00000000d2a00000, 0x00000000f0380000)
  object space 32768K, 11% used [0x00000000d0a00000,0x00000000d0da93e8,0x00000000d2a00000)
 Metaspace       used 12541K, capacity 12718K, committed 12928K, reserved 1060864K
  class space    used 1556K, capacity 1637K, committed 1664K, reserved 1048576K
Event: 2,761 GC heap after
Heap after GC invocations=4 (full 0):
 PSYoungGen      total 51200K, used 2032K [0x00000000f0380000, 0x00000000f3780000, 0x0000000100000000)
  eden space 49152K, 0% used [0x00000000f0380000,0x00000000f0380000,0x00000000f3380000)
  from space 2048K, 99% used [0x00000000f3580000,0x00000000f377c030,0x00000000f3780000)
  to   space 2048K, 0% used [0x00000000f3380000,0x00000000f3380000,0x00000000f3580000)
 ParOldGen       total 32768K, used 7469K [0x00000000d0a00000, 0x00000000d2a00000, 0x00000000f0380000)
  object space 32768K, 22% used [0x00000000d0a00000,0x00000000d114b7e0,0x00000000d2a00000)
 Metaspace       used 12541K, capacity 12718K, committed 12928K, reserved 1060864K
  class space    used 1556K, capacity 1637K, committed 1664K, reserved 1048576K
}
Event: 4,431 GC heap before
{Heap before GC invocations=5 (full 0):
 PSYoungGen      total 51200K, used 51184K [0x00000000f0380000, 0x00000000f3780000, 0x0000000100000000)
  eden space 49152K, 100% used [0x00000000f0380000,0x00000000f3380000,0x00000000f3380000)
  from space 2048K, 99% used [0x00000000f3580000,0x00000000f377c030,0x00000000f3780000)
  to   space 2048K, 0% used [0x00000000f3380000,0x00000000f3380000,0x00000000f3580000)
 ParOldGen       total 32768K, used 7469K [0x00000000d0a00000, 0x00000000d2a00000, 0x00000000f0380000)
  object space 32768K, 22% used [0x00000000d0a00000,0x00000000d114b7e0,0x00000000d2a00000)
 Metaspace       used 16116K, capacity 16370K, committed 16640K, reserved 1064960K
  class space    used 1923K, capacity 2009K, committed 2048K, reserved 1048576K
Event: 4,473 GC heap after
Heap after GC invocations=5 (full 0):
 PSYoungGen      total 51200K, used 2032K [0x00000000f0380000, 0x00000000f7380000, 0x0000000100000000)
  eden space 49152K, 0% used [0x00000000f0380000,0x00000000f0380000,0x00000000f3380000)
  from space 2048K, 99% used [0x00000000f3380000,0x00000000f357c030,0x00000000f3580000)
  to   space 8192K, 0% used [0x00000000f6b80000,0x00000000f6b80000,0x00000000f7380000)
 ParOldGen       total 32768K, used 12237K [0x00000000d0a00000, 0x00000000d2a00000, 0x00000000f0380000)
  object space 32768K, 37% used [0x00000000d0a00000,0x00000000d15f3650,0x00000000d2a00000)
 Metaspace       used 16116K, capacity 16370K, committed 16640K, reserved 1064960K
  class space    used 1923K, capacity 2009K, committed 2048K, reserved 1048576K
}
Event: 5,857 GC heap before
{Heap before GC invocations=6 (full 0):
 PSYoungGen      total 51200K, used 51184K [0x00000000f0380000, 0x00000000f7380000, 0x0000000100000000)
  eden space 49152K, 100% used [0x00000000f0380000,0x00000000f3380000,0x00000000f3380000)
  from space 2048K, 99% used [0x00000000f3380000,0x00000000f357c030,0x00000000f3580000)
  to   space 8192K, 0% used [0x00000000f6b80000,0x00000000f6b80000,0x00000000f7380000)
 ParOldGen       total 32768K, used 12237K [0x00000000d0a00000, 0x00000000d2a00000, 0x00000000f0380000)
  object space 32768K, 37% used [0x00000000d0a00000,0x00000000d15f3650,0x00000000d2a00000)
 Metaspace       used 17440K, capacity 17882K, committed 18048K, reserved 1064960K
  class space    used 2047K, capacity 2165K, committed 2176K, reserved 1048576K
Event: 5,876 GC heap after
Heap after GC invocations=6 (full 0):
 PSYoungGen      total 105472K, used 5148K [0x00000000f0380000, 0x00000000f7280000, 0x0000000100000000)
  eden space 98304K, 0% used [0x00000000f0380000,0x00000000f0380000,0x00000000f6380000)
  from space 7168K, 71% used [0x00000000f6b80000,0x00000000f7087220,0x00000000f7280000)
  to   space 7680K, 0% used [0x00000000f6380000,0x00000000f6380000,0x00000000f6b00000)
 ParOldGen       total 32768K, used 12237K [0x00000000d0a00000, 0x00000000d2a00000, 0x00000000f0380000)
  object space 32768K, 37% used [0x00000000d0a00000,0x00000000d15f3650,0x00000000d2a00000)
 Metaspace       used 17440K, capacity 17882K, committed 18048K, reserved 1064960K
  class space    used 2047K, capacity 2165K, committed 2176K, reserved 1048576K
}
Event: 6,855 GC heap before
{Heap before GC invocations=7 (full 0):
 PSYoungGen      total 105472K, used 46415K [0x00000000f0380000, 0x00000000f7280000, 0x0000000100000000)
  eden space 98304K, 41% used [0x00000000f0380000,0x00000000f2bcca90,0x00000000f6380000)
  from space 7168K, 71% used [0x00000000f6b80000,0x00000000f7087220,0x00000000f7280000)
  to   space 7680K, 0% used [0x00000000f6380000,0x00000000f6380000,0x00000000f6b00000)
 ParOldGen       total 32768K, used 12237K [0x00000000d0a00000, 0x00000000d2a00000, 0x00000000f0380000)
  object space 32768K, 37% used [0x00000000d0a00000,0x00000000d15f3650,0x00000000d2a00000)
 Metaspace       used 20581K, capacity 21212K, committed 21296K, reserved 1069056K
  class space    used 2449K, capacity 2569K, committed 2608K, reserved 1048576K

