# JRE version: OpenJDK Runtime Environment (8.0_131-b11) (build 1.8.0_131-8u131-b11-2ubuntu1.17.04.3-b11)
# Java VM: OpenJDK 64-Bit Server VM (25.131-b11 mixed mode linux-amd64 compressed oops)
Heap:
 PSYoungGen      total 105984K, used 6449K [0x00000000f0380000, 0x00000000f7280000, 0x0000000100000000)
  eden space 98304K, 0% used [0x00000000f0380000,0x00000000f0380000,0x00000000f6380000)
  from space 7680K, 83% used [0x00000000f6380000,0x00000000f69cc740,0x00000000f6b00000)
  to   space 7168K, 0% used [0x00000000f6b80000,0x00000000f6b80000,0x00000000f7280000)
 ParOldGen       total 32768K, used 12735K [0x00000000d0a00000, 0x00000000d2a00000, 0x00000000f0380000)
  object space 32768K, 38% used [0x00000000d0a00000,0x00000000d166fd60,0x00000000d2a00000)
 Metaspace       used 20635K, capacity 21208K, committed 21296K, reserved 1069056K
  class space    used 2446K, capacity 2569K, committed 2608K, reserved 1048576K
GC Heap History (10 events):
Event: 1,392 GC heap after
Heap after GC invocations=2 (full 0):
 PSYoungGen      total 26624K, used 2038K [0x00000000f0380000, 0x00000000f1f80000, 0x0000000100000000)
  eden space 24576K, 0% used [0x00000000f0380000,0x00000000f0380000,0x00000000f1b80000)
  from space 2048K, 99% used [0x00000000f1d80000,0x00000000f1f7dad0,0x00000000f1f80000)
  to   space 2048K, 0% used [0x00000000f1b80000,0x00000000f1b80000,0x00000000f1d80000)
 ParOldGen       total 32768K, used 1301K [0x00000000d0a00000, 0x00000000d2a00000, 0x00000000f0380000)
  object space 32768K, 3% used [0x00000000d0a00000,0x00000000d0b457b8,0x00000000d2a00000)
 Metaspace       used 7596K, capacity 7736K, committed 7936K, reserved 1056768K
  class space    used 918K, capacity 984K, committed 1024K, reserved 1048576K
}
Event: 1,845 GC heap before
{Heap before GC invocations=3 (full 0):
 PSYoungGen      total 26624K, used 26614K [0x00000000f0380000, 0x00000000f1f80000, 0x0000000100000000)
  eden space 24576K, 100% used [0x00000000f0380000,0x00000000f1b80000,0x00000000f1b80000)
  from space 2048K, 99% used [0x00000000f1d80000,0x00000000f1f7dad0,0x00000000f1f80000)
  to   space 2048K, 0% used [0x00000000f1b80000,0x00000000f1b80000,0x00000000f1d80000)
 ParOldGen       total 32768K, used 1301K [0x00000000d0a00000, 0x00000000d2a00000, 0x00000000f0380000)
  object space 32768K, 3% used [0x00000000d0a00000,0x00000000d0b457b8,0x00000000d2a00000)
 Metaspace       used 9738K, capacity 9936K, committed 9984K, reserved 1058816K
  class space    used 1172K, capacity 1245K, committed 1280K, reserved 1048576K
Event: 1,854 GC heap after
Heap after GC invocations=3 (full 0):
 PSYoungGen      total 26624K, used 2032K [0x00000000f0380000, 0x00000000f3780000, 0x0000000100000000)
  eden space 24576K, 0% used [0x00000000f0380000,0x00000000f0380000,0x00000000f1b80000)
  from space 2048K, 99% used [0x00000000f1b80000,0x00000000f1d7c010,0x00000000f1d80000)
  to   space 2048K, 0% used [0x00000000f3580000,0x00000000f3580000,0x00000000f3780000)
 ParOldGen       total 32768K, used 3772K [0x00000000d0a00000, 0x00000000d2a00000, 0x00000000f0380000)
  object space 32768K, 11% used [0x00000000d0a00000,0x00000000d0daf1a8,0x00000000d2a00000)
 Metaspace       used 9738K, capacity 9936K, committed 9984K, reserved 1058816K
  class space    used 1172K, capacity 1245K, committed 1280K, reserved 1048576K
}
Event: 2,605 GC heap before
{Heap before GC invocations=4 (full 0):
 PSYoungGen      total 26624K, used 26608K [0x00000000f0380000, 0x00000000f3780000, 0x0000000100000000)
  eden space 24576K, 100% used [0x00000000f0380000,0x00000000f1b80000,0x00000000f1b80000)
  from space 2048K, 99% used [0x00000000f1b80000,0x00000000f1d7c010,0x00000000f1d80000)
  to   space 2048K, 0% used [0x00000000f3580000,0x00000000f3580000,0x00000000f3780000)
 ParOldGen       total 32768K, used 3772K [0x00000000d0a00000, 0x00000000d2a00000, 0x00000000f0380000)
  object space 32768K, 11% used [0x00000000d0a00000,0x00000000d0daf1a8,0x00000000d2a00000)
 Metaspace       used 12550K, capacity 12778K, committed 12928K, reserved 1060864K
  class space    used 1554K, capacity 1637K, committed 1664K, reserved 1048576K
Event: 2,615 GC heap after
Heap after GC invocations=4 (full 0):
 PSYoungGen      total 51200K, used 2032K [0x00000000f0380000, 0x00000000f3780000, 0x0000000100000000)
  eden space 49152K, 0% used [0x00000000f0380000,0x00000000f0380000,0x00000000f3380000)
  from space 2048K, 99% used [0x00000000f3580000,0x00000000f377c030,0x00000000f3780000)
  to   space 2048K, 0% used [0x00000000f3380000,0x00000000f3380000,0x00000000f3580000)
 ParOldGen       total 32768K, used 7488K [0x00000000d0a00000, 0x00000000d2a00000, 0x00000000f0380000)
  object space 32768K, 22% used [0x00000000d0a00000,0x00000000d1150110,0x00000000d2a00000)
 Metaspace       used 12550K, capacity 12778K, committed 12928K, reserved 1060864K
  class space    used 1554K, capacity 1637K, committed 1664K, reserved 1048576K
}
Event: 4,642 GC heap before
{Heap before GC invocations=5 (full 0):
 PSYoungGen      total 51200K, used 51184K [0x00000000f0380000, 0x00000000f3780000, 0x0000000100000000)
  eden space 49152K, 100% used [0x00000000f0380000,0x00000000f3380000,0x00000000f3380000)
  from space 2048K, 99% used [0x00000000f3580000,0x00000000f377c030,0x00000000f3780000)
  to   space 2048K, 0% used [0x00000000f3380000,0x00000000f3380000,0x00000000f3580000)
 ParOldGen       total 32768K, used 7488K [0x00000000d0a00000, 0x00000000d2a00000, 0x00000000f0380000)
  object space 32768K, 22% used [0x00000000d0a00000,0x00000000d1150110,0x00000000d2a00000)
 Metaspace       used 16121K, capacity 16366K, committed 16640K, reserved 1064960K
  class space    used 1920K, capacity 2009K, committed 2048K, reserved 1048576K
Event: 4,693 GC heap after
Heap after GC invocations=5 (full 0):
 PSYoungGen      total 51200K, used 2016K [0x00000000f0380000, 0x00000000f7380000, 0x0000000100000000)
  eden space 49152K, 0% used [0x00000000f0380000,0x00000000f0380000,0x00000000f3380000)
  from space 2048K, 98% used [0x00000000f3380000,0x00000000f3578020,0x00000000f3580000)
  to   space 8192K, 0% used [0x00000000f6b80000,0x00000000f6b80000,0x00000000f7380000)
 ParOldGen       total 32768K, used 12295K [0x00000000d0a00000, 0x00000000d2a00000, 0x00000000f0380000)
  object space 32768K, 37% used [0x00000000d0a00000,0x00000000d1601d10,0x00000000d2a00000)
 Metaspace       used 16121K, capacity 16366K, committed 16640K, reserved 1064960K
  class space    used 1920K, capacity 2009K, committed 2048K, reserved 1048576K
}
Event: 5,871 GC heap before
{Heap before GC invocations=6 (full 0):
 PSYoungGen      total 51200K, used 51168K [0x00000000f0380000, 0x00000000f7380000, 0x0000000100000000)
  eden space 49152K, 100% used [0x00000000f0380000,0x00000000f3380000,0x00000000f3380000)
  from space 2048K, 98% used [0x00000000f3380000,0x00000000f3578020,0x00000000f3580000)
  to   space 8192K, 0% used [0x00000000f6b80000,0x00000000f6b80000,0x00000000f7380000)
 ParOldGen       total 32768K, used 12295K [0x00000000d0a00000, 0x00000000d2a00000, 0x00000000f0380000)
  object space 32768K, 37% used [0x00000000d0a00000,0x00000000d1601d10,0x00000000d2a00000)
 Metaspace       used 17455K, capacity 17884K, committed 18048K, reserved 1064960K
  class space    used 2044K, capacity 2166K, committed 2176K, reserved 1048576K
Event: 5,896 GC heap after
Heap after GC invocations=6 (full 0):
 PSYoungGen      total 105472K, used 5252K [0x00000000f0380000, 0x00000000f7280000, 0x0000000100000000)
  eden space 98304K, 0% used [0x00000000f0380000,0x00000000f0380000,0x00000000f6380000)
  from space 7168K, 73% used [0x00000000f6b80000,0x00000000f70a12a0,0x00000000f7280000)
  to   space 7680K, 0% used [0x00000000f6380000,0x00000000f6380000,0x00000000f6b00000)
 ParOldGen       total 32768K, used 12295K [0x00000000d0a00000, 0x00000000d2a00000, 0x00000000f0380000)
  object space 32768K, 37% used [0x00000000d0a00000,0x00000000d1601d10,0x00000000d2a00000)
 Metaspace       used 17455K, capacity 17884K, committed 18048K, reserved 1064960K
  class space    used 2044K, capacity 2166K, committed 2176K, reserved 1048576K
}
Event: 6,825 GC heap before
{Heap before GC invocations=7 (full 0):
 PSYoungGen      total 105472K, used 50568K [0x00000000f0380000, 0x00000000f7280000, 0x0000000100000000)
  eden space 98304K, 46% used [0x00000000f0380000,0x00000000f2fc0ee8,0x00000000f6380000)
  from space 7168K, 73% used [0x00000000f6b80000,0x00000000f70a12a0,0x00000000f7280000)
  to   space 7680K, 0% used [0x00000000f6380000,0x00000000f6380000,0x00000000f6b00000)
 ParOldGen       total 32768K, used 12295K [0x00000000d0a00000, 0x00000000d2a00000, 0x00000000f0380000)
  object space 32768K, 37% used [0x00000000d0a00000,0x00000000d1601d10,0x00000000d2a00000)
 Metaspace       used 20635K, capacity 21208K, committed 21296K, reserved 1069056K
  class space    used 2446K, capacity 2569K, committed 2608K, reserved 1048576K

